2023-08-23 21:16:52.113 | INFO     | MSLIP_lib.MainWindow:__init__:93 - 启动程序主界面
2023-08-23 21:16:52.210 | INFO     | MSLIP_lib.MainWindow:updateBackgroundImage:136 - 更新背景图片
2023-08-23 21:16:53.305 | INFO     | MSLIP_lib.MainWindow:change_sub_window:121 - QStackedWidget中的窗口为：1
2023-08-23 21:16:53.977 | INFO     | MSLIP_lib.MainWindow:Button_sub_window:113 - QStackedWidget窗口为：2
2023-08-23 21:16:56.490 | INFO     | MSLIP_lib.MainWindow:closeEvent:151 - 程序结束
2023-08-23 21:17:02.604 | INFO     | __main__:<module>:14 - 正常启动程序
2023-08-23 21:17:02.606 | INFO     | MSLIP_lib.MainWindow:center_window:128 - 居中窗口
2023-08-23 21:17:02.609 | INFO     | MSLIP_lib.MainWindow:add_menu_item:96 - 添加左侧菜单按钮
2023-08-23 21:17:02.947 | INFO     | MSLIP_lib.MainWindow:add_menu_item:96 - 添加左侧菜单按钮
2023-08-23 21:17:02.949 | INFO     | MSLIP_lib.MainWindow:add_menu_item:96 - 添加左侧菜单按钮
2023-08-23 21:17:02.950 | INFO     | MSLIP_lib.MainWindow:add_menu_item:96 - 添加左侧菜单按钮
2023-08-23 21:17:02.960 | INFO     | MSLIP_lib.CreateWindow:__init__:33 - 创建服务器界面
2023-08-23 21:17:02.961 | INFO     | MSLIP_lib.TerminalWindow:__init__:98 - 启动和终端界面
2023-08-23 21:17:02.971 | INFO     | MSLIP_lib.MainWindow:__init__:34 - 切换界面测试
2023-08-23 21:17:02.973 | INFO     | MSLIP_lib.MainWindow:__init__:93 - 启动程序主界面
2023-08-23 21:17:03.068 | INFO     | MSLIP_lib.MainWindow:updateBackgroundImage:136 - 更新背景图片
2023-08-23 21:17:04.074 | INFO     | MSLIP_lib.MainWindow:change_sub_window:121 - QStackedWidget中的窗口为：2
2023-08-23 21:17:06.042 | INFO     | MSLIP_lib.MainWindow:closeEvent:151 - 程序结束
2023-08-23 21:17:10.877 | INFO     | __main__:<module>:14 - 正常启动程序
2023-08-23 21:17:10.879 | INFO     | MSLIP_lib.MainWindow:center_window:128 - 居中窗口
2023-08-23 21:17:10.881 | INFO     | MSLIP_lib.MainWindow:add_menu_item:96 - 添加左侧菜单按钮
2023-08-23 21:17:11.169 | INFO     | MSLIP_lib.MainWindow:add_menu_item:96 - 添加左侧菜单按钮
2023-08-23 21:17:11.170 | INFO     | MSLIP_lib.MainWindow:add_menu_item:96 - 添加左侧菜单按钮
2023-08-23 21:17:11.173 | INFO     | MSLIP_lib.MainWindow:add_menu_item:96 - 添加左侧菜单按钮
2023-08-23 21:17:11.179 | INFO     | MSLIP_lib.CreateWindow:__init__:33 - 创建服务器界面
2023-08-23 21:17:11.181 | INFO     | MSLIP_lib.TerminalWindow:__init__:98 - 启动和终端界面
2023-08-23 21:17:11.189 | INFO     | MSLIP_lib.MainWindow:__init__:34 - 切换界面测试
2023-08-23 21:17:11.192 | INFO     | MSLIP_lib.MainWindow:__init__:93 - 启动程序主界面
2023-08-23 21:17:11.277 | INFO     | MSLIP_lib.MainWindow:updateBackgroundImage:136 - 更新背景图片
2023-08-23 21:17:12.106 | INFO     | MSLIP_lib.MainWindow:Button_sub_window:113 - QStackedWidget窗口为：1
2023-08-23 21:17:12.970 | INFO     | MSLIP_lib.MainWindow:Button_sub_window:113 - QStackedWidget窗口为：2
2023-08-23 21:17:15.667 | INFO     | MSLIP_lib.MainWindow:closeEvent:151 - 程序结束
2023-08-23 21:17:21.250 | INFO     | __main__:<module>:14 - 正常启动程序
2023-08-23 21:17:21.252 | INFO     | MSLIP_lib.MainWindow:center_window:128 - 居中窗口
2023-08-23 21:17:21.254 | INFO     | MSLIP_lib.MainWindow:add_menu_item:96 - 添加左侧菜单按钮
2023-08-23 21:17:21.542 | INFO     | MSLIP_lib.MainWindow:add_menu_item:96 - 添加左侧菜单按钮
2023-08-23 21:17:21.544 | INFO     | MSLIP_lib.MainWindow:add_menu_item:96 - 添加左侧菜单按钮
2023-08-23 21:17:21.546 | INFO     | MSLIP_lib.MainWindow:add_menu_item:96 - 添加左侧菜单按钮
2023-08-23 21:17:21.552 | INFO     | MSLIP_lib.CreateWindow:__init__:33 - 创建服务器界面
2023-08-23 21:17:21.555 | INFO     | MSLIP_lib.TerminalWindow:__init__:98 - 启动和终端界面
2023-08-23 21:17:21.563 | INFO     | MSLIP_lib.MainWindow:__init__:34 - 切换界面测试
2023-08-23 21:17:21.565 | INFO     | MSLIP_lib.MainWindow:__init__:93 - 启动程序主界面
2023-08-23 21:17:21.647 | INFO     | MSLIP_lib.MainWindow:updateBackgroundImage:136 - 更新背景图片
2023-08-23 21:17:22.417 | INFO     | MSLIP_lib.MainWindow:change_sub_window:121 - QStackedWidget中的窗口为：1
2023-08-23 21:17:22.713 | INFO     | MSLIP_lib.MainWindow:Button_sub_window:113 - QStackedWidget窗口为：2
2023-08-23 21:17:33.537 | INFO     | MSLIP_lib.MainWindow:closeEvent:151 - 程序结束
